mode: set
github.com/lessuselesss/circular-go-enterprise-apis/internal/utils/utils.go:11.37,14.2 2 1
github.com/lessuselesss/circular-go-enterprise-apis/internal/utils/utils.go:18.32,19.26 1 1
github.com/lessuselesss/circular-go-enterprise-apis/internal/utils/utils.go:19.26,21.3 1 1
github.com/lessuselesss/circular-go-enterprise-apis/internal/utils/utils.go:22.2,22.26 1 1
github.com/lessuselesss/circular-go-enterprise-apis/internal/utils/utils.go:29.33,30.16 1 1
github.com/lessuselesss/circular-go-enterprise-apis/internal/utils/utils.go:30.16,32.3 1 1
github.com/lessuselesss/circular-go-enterprise-apis/internal/utils/utils.go:33.2,33.68 1 1
github.com/lessuselesss/circular-go-enterprise-apis/internal/utils/utils.go:33.68,35.3 1 1
github.com/lessuselesss/circular-go-enterprise-apis/internal/utils/utils.go:36.2,36.13 1 1
github.com/lessuselesss/circular-go-enterprise-apis/internal/utils/utils.go:42.37,44.2 1 1
github.com/lessuselesss/circular-go-enterprise-apis/internal/utils/utils.go:50.40,53.16 3 1
github.com/lessuselesss/circular-go-enterprise-apis/internal/utils/utils.go:53.16,55.3 1 1
github.com/lessuselesss/circular-go-enterprise-apis/internal/utils/utils.go:56.2,56.24 1 1
github.com/lessuselesss/circular-go-enterprise-apis/internal/client/client.go:26.40,36.2 1 1
github.com/lessuselesss/circular-go-enterprise-apis/internal/client/client.go:39.52,42.2 2 1
github.com/lessuselesss/circular-go-enterprise-apis/internal/client/client.go:45.49,47.2 1 1
github.com/lessuselesss/circular-go-enterprise-apis/internal/client/client.go:50.53,52.2 1 1
github.com/lessuselesss/circular-go-enterprise-apis/internal/client/client.go:56.98,61.16 3 1
github.com/lessuselesss/circular-go-enterprise-apis/internal/client/client.go:61.16,63.3 1 1
github.com/lessuselesss/circular-go-enterprise-apis/internal/client/client.go:65.2,66.58 2 1
github.com/lessuselesss/circular-go-enterprise-apis/internal/client/client.go:66.58,67.18 1 1
github.com/lessuselesss/circular-go-enterprise-apis/internal/client/client.go:67.18,69.11 1 1
github.com/lessuselesss/circular-go-enterprise-apis/internal/client/client.go:70.22,71.26 1 0
github.com/lessuselesss/circular-go-enterprise-apis/internal/client/client.go:72.36,72.36 0 1
github.com/lessuselesss/circular-go-enterprise-apis/internal/client/client.go:76.3,77.17 2 1
github.com/lessuselesss/circular-go-enterprise-apis/internal/client/client.go:77.17,79.12 2 0
github.com/lessuselesss/circular-go-enterprise-apis/internal/client/client.go:82.3,86.17 4 1
github.com/lessuselesss/circular-go-enterprise-apis/internal/client/client.go:86.17,88.12 2 1
github.com/lessuselesss/circular-go-enterprise-apis/internal/client/client.go:91.3,94.17 3 1
github.com/lessuselesss/circular-go-enterprise-apis/internal/client/client.go:94.17,96.12 2 0
github.com/lessuselesss/circular-go-enterprise-apis/internal/client/client.go:99.3,99.54 1 1
github.com/lessuselesss/circular-go-enterprise-apis/internal/client/client.go:99.54,101.4 1 1
github.com/lessuselesss/circular-go-enterprise-apis/internal/client/client.go:104.3,104.29 1 1
github.com/lessuselesss/circular-go-enterprise-apis/internal/client/client.go:104.29,107.12 2 1
github.com/lessuselesss/circular-go-enterprise-apis/internal/client/client.go:108.9,111.4 1 0
github.com/lessuselesss/circular-go-enterprise-apis/internal/client/client.go:114.2,114.92 1 1
github.com/lessuselesss/circular-go-enterprise-apis/internal/client/client.go:119.76,123.58 3 1
github.com/lessuselesss/circular-go-enterprise-apis/internal/client/client.go:123.58,124.18 1 1
github.com/lessuselesss/circular-go-enterprise-apis/internal/client/client.go:124.18,126.11 1 0
github.com/lessuselesss/circular-go-enterprise-apis/internal/client/client.go:127.22,128.26 1 0
github.com/lessuselesss/circular-go-enterprise-apis/internal/client/client.go:129.36,129.36 0 0
github.com/lessuselesss/circular-go-enterprise-apis/internal/client/client.go:133.3,134.17 2 1
github.com/lessuselesss/circular-go-enterprise-apis/internal/client/client.go:134.17,136.12 2 0
github.com/lessuselesss/circular-go-enterprise-apis/internal/client/client.go:139.3,142.17 3 1
github.com/lessuselesss/circular-go-enterprise-apis/internal/client/client.go:142.17,144.12 2 0
github.com/lessuselesss/circular-go-enterprise-apis/internal/client/client.go:147.3,150.17 3 1
github.com/lessuselesss/circular-go-enterprise-apis/internal/client/client.go:150.17,152.12 2 0
github.com/lessuselesss/circular-go-enterprise-apis/internal/client/client.go:155.3,155.54 1 1
github.com/lessuselesss/circular-go-enterprise-apis/internal/client/client.go:155.54,157.4 1 1
github.com/lessuselesss/circular-go-enterprise-apis/internal/client/client.go:160.3,160.29 1 1
github.com/lessuselesss/circular-go-enterprise-apis/internal/client/client.go:160.29,163.12 2 0
github.com/lessuselesss/circular-go-enterprise-apis/internal/client/client.go:164.9,167.4 1 1
github.com/lessuselesss/circular-go-enterprise-apis/internal/client/client.go:170.2,170.92 1 0
github.com/lessuselesss/circular-go-enterprise-apis/internal/client/client.go:174.51,175.75 1 1
github.com/lessuselesss/circular-go-enterprise-apis/internal/client/client.go:175.75,177.3 1 0
github.com/lessuselesss/circular-go-enterprise-apis/internal/client/client.go:178.2,178.77 1 1
github.com/lessuselesss/circular-go-enterprise-apis/internal/client/client.go:178.77,180.3 1 0
github.com/lessuselesss/circular-go-enterprise-apis/internal/client/client.go:181.2,181.29 1 1
github.com/lessuselesss/circular-go-enterprise-apis/api/account.go:39.28,41.2 1 1
github.com/lessuselesss/circular-go-enterprise-apis/api/account.go:44.64,46.16 2 1
github.com/lessuselesss/circular-go-enterprise-apis/api/account.go:46.16,48.3 1 0
github.com/lessuselesss/circular-go-enterprise-apis/api/account.go:50.2,52.8 1 1
github.com/lessuselesss/circular-go-enterprise-apis/api/account.go:60.46,63.2 2 1
github.com/lessuselesss/circular-go-enterprise-apis/api/account.go:70.49,71.27 1 1
github.com/lessuselesss/circular-go-enterprise-apis/api/account.go:71.27,73.3 1 1
github.com/lessuselesss/circular-go-enterprise-apis/api/account.go:76.2,76.21 1 1
github.com/lessuselesss/circular-go-enterprise-apis/api/account.go:76.21,79.3 2 1
github.com/lessuselesss/circular-go-enterprise-apis/api/account.go:82.2,90.16 4 1
github.com/lessuselesss/circular-go-enterprise-apis/api/account.go:90.16,93.3 2 0
github.com/lessuselesss/circular-go-enterprise-apis/api/account.go:96.2,103.58 2 1
github.com/lessuselesss/circular-go-enterprise-apis/api/account.go:103.58,105.3 1 1
github.com/lessuselesss/circular-go-enterprise-apis/api/account.go:107.2,107.57 1 0
github.com/lessuselesss/circular-go-enterprise-apis/api/account.go:107.57,110.17 2 0
github.com/lessuselesss/circular-go-enterprise-apis/api/account.go:110.17,112.4 1 0
github.com/lessuselesss/circular-go-enterprise-apis/api/account.go:113.3,114.19 2 0
github.com/lessuselesss/circular-go-enterprise-apis/api/account.go:117.2,117.76 1 0
github.com/lessuselesss/circular-go-enterprise-apis/api/account.go:125.52,133.16 5 1
github.com/lessuselesss/circular-go-enterprise-apis/api/account.go:133.16,135.22 1 0
github.com/lessuselesss/circular-go-enterprise-apis/api/account.go:135.22,137.20 2 0
github.com/lessuselesss/circular-go-enterprise-apis/api/account.go:137.20,141.5 3 0
github.com/lessuselesss/circular-go-enterprise-apis/api/account.go:143.3,143.60 1 0
github.com/lessuselesss/circular-go-enterprise-apis/api/account.go:146.2,152.58 2 1
github.com/lessuselesss/circular-go-enterprise-apis/api/account.go:152.58,154.3 1 0
github.com/lessuselesss/circular-go-enterprise-apis/api/account.go:156.2,156.52 1 1
github.com/lessuselesss/circular-go-enterprise-apis/api/account.go:156.52,160.3 3 1
github.com/lessuselesss/circular-go-enterprise-apis/api/account.go:162.2,162.68 1 0
github.com/lessuselesss/circular-go-enterprise-apis/api/account.go:170.47,172.2 1 1
github.com/lessuselesss/circular-go-enterprise-apis/api/account.go:179.27,186.2 5 1
github.com/lessuselesss/circular-go-enterprise-apis/api/account.go:193.76,199.2 3 1
github.com/lessuselesss/circular-go-enterprise-apis/api/account.go:207.106,222.2 2 1
github.com/lessuselesss/circular-go-enterprise-apis/api/account.go:233.100,280.2 2 1
github.com/lessuselesss/circular-go-enterprise-apis/api/account.go:292.93,339.2 2 1
github.com/lessuselesss/circular-go-enterprise-apis/api/certificate.go:17.44,19.2 1 1
github.com/lessuselesss/circular-go-enterprise-apis/api/certificate.go:24.40,26.2 1 1
github.com/lessuselesss/circular-go-enterprise-apis/api/certificate.go:33.51,36.16 2 1
github.com/lessuselesss/circular-go-enterprise-apis/api/certificate.go:36.16,38.3 1 0
github.com/lessuselesss/circular-go-enterprise-apis/api/certificate.go:39.2,39.27 1 1
github.com/lessuselesss/circular-go-enterprise-apis/api/certificate.go:46.48,48.2 1 1
github.com/lessuselesss/circular-go-enterprise-apis/api/config.go:28.53,30.16 2 1
github.com/lessuselesss/circular-go-enterprise-apis/api/config.go:30.16,32.3 1 0
github.com/lessuselesss/circular-go-enterprise-apis/api/config.go:34.2,36.16 3 1
github.com/lessuselesss/circular-go-enterprise-apis/api/config.go:36.16,38.3 1 0
github.com/lessuselesss/circular-go-enterprise-apis/api/config.go:40.2,40.21 1 1
github.com/lessuselesss/circular-go-enterprise-apis/api/config.go:44.51,45.17 1 0
github.com/lessuselesss/circular-go-enterprise-apis/api/config.go:46.17,47.38 1 0
github.com/lessuselesss/circular-go-enterprise-apis/api/config.go:48.10,49.43 1 0
